<?xml version="1.0" encoding="UTF-8"?>
<testsuite xmlns:xsi="http://www.w3.org/2001/XMLSchema-instance" xsi:noNamespaceSchemaLocation="https://maven.apache.org/surefire/maven-surefire-plugin/xsd/surefire-test-report.xsd" name="com.mycompany.app.AppTest" time="0.02" tests="1" errors="0" skipped="0" failures="0">
  <properties>
    <property name="java.specification.version" value="17"/>
    <property name="sun.jnu.encoding" value="UTF-8"/>
    <property name="java.class.path" value="/home/TomDu/backend/project/my-app/service/target/test-classes:/home/TomDu/backend/project/my-app/service/target/classes:/home/TomDu/.m2/repository/org/springframework/boot/spring-boot-starter-web/3.0.13/spring-boot-starter-web-3.0.13.jar:/home/TomDu/.m2/repository/org/springframework/boot/spring-boot-starter/3.0.13/spring-boot-starter-3.0.13.jar:/home/TomDu/.m2/repository/org/springframework/boot/spring-boot/3.0.13/spring-boot-3.0.13.jar:/home/TomDu/.m2/repository/org/springframework/boot/spring-boot-autoconfigure/3.0.13/spring-boot-autoconfigure-3.0.13.jar:/home/TomDu/.m2/repository/org/springframework/boot/spring-boot-starter-logging/3.0.13/spring-boot-starter-logging-3.0.13.jar:/home/TomDu/.m2/repository/ch/qos/logback/logback-classic/1.4.11/logback-classic-1.4.11.jar:/home/TomDu/.m2/repository/ch/qos/logback/logback-core/1.4.11/logback-core-1.4.11.jar:/home/TomDu/.m2/repository/org/apache/logging/log4j/log4j-to-slf4j/2.19.0/log4j-to-slf4j-2.19.0.jar:/home/TomDu/.m2/repository/org/apache/logging/log4j/log4j-api/2.19.0/log4j-api-2.19.0.jar:/home/TomDu/.m2/repository/org/slf4j/jul-to-slf4j/2.0.9/jul-to-slf4j-2.0.9.jar:/home/TomDu/.m2/repository/org/springframework/spring-core/6.0.14/spring-core-6.0.14.jar:/home/TomDu/.m2/repository/org/springframework/spring-jcl/6.0.14/spring-jcl-6.0.14.jar:/home/TomDu/.m2/repository/org/yaml/snakeyaml/1.33/snakeyaml-1.33.jar:/home/TomDu/.m2/repository/org/springframework/boot/spring-boot-starter-json/3.0.13/spring-boot-starter-json-3.0.13.jar:/home/TomDu/.m2/repository/com/fasterxml/jackson/core/jackson-databind/2.14.3/jackson-databind-2.14.3.jar:/home/TomDu/.m2/repository/com/fasterxml/jackson/core/jackson-annotations/2.14.3/jackson-annotations-2.14.3.jar:/home/TomDu/.m2/repository/com/fasterxml/jackson/datatype/jackson-datatype-jdk8/2.14.3/jackson-datatype-jdk8-2.14.3.jar:/home/TomDu/.m2/repository/com/fasterxml/jackson/datatype/jackson-datatype-jsr310/2.14.3/jackson-datatype-jsr310-2.14.3.jar:/home/TomDu/.m2/repository/com/fasterxml/jackson/module/jackson-module-parameter-names/2.14.3/jackson-module-parameter-names-2.14.3.jar:/home/TomDu/.m2/repository/org/springframework/boot/spring-boot-starter-tomcat/3.0.13/spring-boot-starter-tomcat-3.0.13.jar:/home/TomDu/.m2/repository/org/apache/tomcat/embed/tomcat-embed-core/10.1.16/tomcat-embed-core-10.1.16.jar:/home/TomDu/.m2/repository/org/apache/tomcat/embed/tomcat-embed-el/10.1.16/tomcat-embed-el-10.1.16.jar:/home/TomDu/.m2/repository/org/apache/tomcat/embed/tomcat-embed-websocket/10.1.16/tomcat-embed-websocket-10.1.16.jar:/home/TomDu/.m2/repository/org/springframework/spring-web/6.0.14/spring-web-6.0.14.jar:/home/TomDu/.m2/repository/org/springframework/spring-beans/6.0.14/spring-beans-6.0.14.jar:/home/TomDu/.m2/repository/io/micrometer/micrometer-observation/1.10.13/micrometer-observation-1.10.13.jar:/home/TomDu/.m2/repository/io/micrometer/micrometer-commons/1.10.13/micrometer-commons-1.10.13.jar:/home/TomDu/.m2/repository/org/springframework/spring-webmvc/6.0.14/spring-webmvc-6.0.14.jar:/home/TomDu/.m2/repository/org/springframework/spring-aop/6.0.14/spring-aop-6.0.14.jar:/home/TomDu/.m2/repository/org/springframework/spring-context/6.0.14/spring-context-6.0.14.jar:/home/TomDu/.m2/repository/org/springframework/spring-expression/6.0.14/spring-expression-6.0.14.jar:/home/TomDu/.m2/repository/com/alibaba/cloud/spring-cloud-starter-alibaba-nacos-discovery/2022.0.0.0/spring-cloud-starter-alibaba-nacos-discovery-2022.0.0.0.jar:/home/TomDu/.m2/repository/com/alibaba/cloud/spring-cloud-alibaba-commons/2022.0.0.0/spring-cloud-alibaba-commons-2022.0.0.0.jar:/home/TomDu/.m2/repository/com/alibaba/nacos/nacos-client/2.2.1/nacos-client-2.2.1.jar:/home/TomDu/.m2/repository/com/alibaba/nacos/nacos-auth-plugin/2.2.1/nacos-auth-plugin-2.2.1.jar:/home/TomDu/.m2/repository/com/alibaba/nacos/nacos-encryption-plugin/2.2.1/nacos-encryption-plugin-2.2.1.jar:/home/TomDu/.m2/repository/commons-codec/commons-codec/1.15/commons-codec-1.15.jar:/home/TomDu/.m2/repository/com/fasterxml/jackson/core/jackson-core/2.14.3/jackson-core-2.14.3.jar:/home/TomDu/.m2/repository/org/apache/httpcomponents/httpasyncclient/4.1.5/httpasyncclient-4.1.5.jar:/home/TomDu/.m2/repository/org/apache/httpcomponents/httpcore/4.4.16/httpcore-4.4.16.jar:/home/TomDu/.m2/repository/org/apache/httpcomponents/httpcore-nio/4.4.16/httpcore-nio-4.4.16.jar:/home/TomDu/.m2/repository/org/apache/httpcomponents/httpclient/4.5.14/httpclient-4.5.14.jar:/home/TomDu/.m2/repository/io/prometheus/simpleclient/0.16.0/simpleclient-0.16.0.jar:/home/TomDu/.m2/repository/io/prometheus/simpleclient_tracer_otel/0.16.0/simpleclient_tracer_otel-0.16.0.jar:/home/TomDu/.m2/repository/io/prometheus/simpleclient_tracer_common/0.16.0/simpleclient_tracer_common-0.16.0.jar:/home/TomDu/.m2/repository/io/prometheus/simpleclient_tracer_otel_agent/0.16.0/simpleclient_tracer_otel_agent-0.16.0.jar:/home/TomDu/.m2/repository/com/alibaba/spring/spring-context-support/1.0.11/spring-context-support-1.0.11.jar:/home/TomDu/.m2/repository/org/springframework/cloud/spring-cloud-commons/4.0.0/spring-cloud-commons-4.0.0.jar:/home/TomDu/.m2/repository/org/springframework/security/spring-security-crypto/6.0.8/spring-security-crypto-6.0.8.jar:/home/TomDu/.m2/repository/org/springframework/cloud/spring-cloud-context/4.0.0/spring-cloud-context-4.0.0.jar:/home/TomDu/.m2/repository/com/alibaba/cloud/spring-cloud-starter-alibaba-nacos-config/2022.0.0.0/spring-cloud-starter-alibaba-nacos-config-2022.0.0.0.jar:/home/TomDu/.m2/repository/org/slf4j/slf4j-api/2.0.9/slf4j-api-2.0.9.jar:/home/TomDu/.m2/repository/jakarta/annotation/jakarta.annotation-api/2.1.1/jakarta.annotation-api-2.1.1.jar:/home/TomDu/.m2/repository/junit/junit/4.11/junit-4.11.jar:/home/TomDu/.m2/repository/org/hamcrest/hamcrest-core/2.2/hamcrest-core-2.2.jar:/home/TomDu/.m2/repository/org/hamcrest/hamcrest/2.2/hamcrest-2.2.jar:"/>
    <property name="java.vm.vendor" value="Private Build"/>
    <property name="sun.arch.data.model" value="64"/>
    <property name="java.vendor.url" value="Unknown"/>
    <property name="os.name" value="Linux"/>
    <property name="java.vm.specification.version" value="17"/>
    <property name="sun.java.launcher" value="SUN_STANDARD"/>
    <property name="user.country" value="HK"/>
    <property name="sun.boot.library.path" value="/usr/lib/jvm/java-17-openjdk-amd64/lib"/>
    <property name="sun.java.command" value="/home/TomDu/backend/project/my-app/service/target/surefire/surefirebooter9848538839841052314.jar /home/TomDu/backend/project/my-app/service/target/surefire 2023-12-20T15-45-16_934-jvmRun1 surefire13658294877597208991tmp surefire_017655830789732198408tmp"/>
    <property name="jdk.debug" value="release"/>
    <property name="surefire.test.class.path" value="/home/TomDu/backend/project/my-app/service/target/test-classes:/home/TomDu/backend/project/my-app/service/target/classes:/home/TomDu/.m2/repository/org/springframework/boot/spring-boot-starter-web/3.0.13/spring-boot-starter-web-3.0.13.jar:/home/TomDu/.m2/repository/org/springframework/boot/spring-boot-starter/3.0.13/spring-boot-starter-3.0.13.jar:/home/TomDu/.m2/repository/org/springframework/boot/spring-boot/3.0.13/spring-boot-3.0.13.jar:/home/TomDu/.m2/repository/org/springframework/boot/spring-boot-autoconfigure/3.0.13/spring-boot-autoconfigure-3.0.13.jar:/home/TomDu/.m2/repository/org/springframework/boot/spring-boot-starter-logging/3.0.13/spring-boot-starter-logging-3.0.13.jar:/home/TomDu/.m2/repository/ch/qos/logback/logback-classic/1.4.11/logback-classic-1.4.11.jar:/home/TomDu/.m2/repository/ch/qos/logback/logback-core/1.4.11/logback-core-1.4.11.jar:/home/TomDu/.m2/repository/org/apache/logging/log4j/log4j-to-slf4j/2.19.0/log4j-to-slf4j-2.19.0.jar:/home/TomDu/.m2/repository/org/apache/logging/log4j/log4j-api/2.19.0/log4j-api-2.19.0.jar:/home/TomDu/.m2/repository/org/slf4j/jul-to-slf4j/2.0.9/jul-to-slf4j-2.0.9.jar:/home/TomDu/.m2/repository/org/springframework/spring-core/6.0.14/spring-core-6.0.14.jar:/home/TomDu/.m2/repository/org/springframework/spring-jcl/6.0.14/spring-jcl-6.0.14.jar:/home/TomDu/.m2/repository/org/yaml/snakeyaml/1.33/snakeyaml-1.33.jar:/home/TomDu/.m2/repository/org/springframework/boot/spring-boot-starter-json/3.0.13/spring-boot-starter-json-3.0.13.jar:/home/TomDu/.m2/repository/com/fasterxml/jackson/core/jackson-databind/2.14.3/jackson-databind-2.14.3.jar:/home/TomDu/.m2/repository/com/fasterxml/jackson/core/jackson-annotations/2.14.3/jackson-annotations-2.14.3.jar:/home/TomDu/.m2/repository/com/fasterxml/jackson/datatype/jackson-datatype-jdk8/2.14.3/jackson-datatype-jdk8-2.14.3.jar:/home/TomDu/.m2/repository/com/fasterxml/jackson/datatype/jackson-datatype-jsr310/2.14.3/jackson-datatype-jsr310-2.14.3.jar:/home/TomDu/.m2/repository/com/fasterxml/jackson/module/jackson-module-parameter-names/2.14.3/jackson-module-parameter-names-2.14.3.jar:/home/TomDu/.m2/repository/org/springframework/boot/spring-boot-starter-tomcat/3.0.13/spring-boot-starter-tomcat-3.0.13.jar:/home/TomDu/.m2/repository/org/apache/tomcat/embed/tomcat-embed-core/10.1.16/tomcat-embed-core-10.1.16.jar:/home/TomDu/.m2/repository/org/apache/tomcat/embed/tomcat-embed-el/10.1.16/tomcat-embed-el-10.1.16.jar:/home/TomDu/.m2/repository/org/apache/tomcat/embed/tomcat-embed-websocket/10.1.16/tomcat-embed-websocket-10.1.16.jar:/home/TomDu/.m2/repository/org/springframework/spring-web/6.0.14/spring-web-6.0.14.jar:/home/TomDu/.m2/repository/org/springframework/spring-beans/6.0.14/spring-beans-6.0.14.jar:/home/TomDu/.m2/repository/io/micrometer/micrometer-observation/1.10.13/micrometer-observation-1.10.13.jar:/home/TomDu/.m2/repository/io/micrometer/micrometer-commons/1.10.13/micrometer-commons-1.10.13.jar:/home/TomDu/.m2/repository/org/springframework/spring-webmvc/6.0.14/spring-webmvc-6.0.14.jar:/home/TomDu/.m2/repository/org/springframework/spring-aop/6.0.14/spring-aop-6.0.14.jar:/home/TomDu/.m2/repository/org/springframework/spring-context/6.0.14/spring-context-6.0.14.jar:/home/TomDu/.m2/repository/org/springframework/spring-expression/6.0.14/spring-expression-6.0.14.jar:/home/TomDu/.m2/repository/com/alibaba/cloud/spring-cloud-starter-alibaba-nacos-discovery/2022.0.0.0/spring-cloud-starter-alibaba-nacos-discovery-2022.0.0.0.jar:/home/TomDu/.m2/repository/com/alibaba/cloud/spring-cloud-alibaba-commons/2022.0.0.0/spring-cloud-alibaba-commons-2022.0.0.0.jar:/home/TomDu/.m2/repository/com/alibaba/nacos/nacos-client/2.2.1/nacos-client-2.2.1.jar:/home/TomDu/.m2/repository/com/alibaba/nacos/nacos-auth-plugin/2.2.1/nacos-auth-plugin-2.2.1.jar:/home/TomDu/.m2/repository/com/alibaba/nacos/nacos-encryption-plugin/2.2.1/nacos-encryption-plugin-2.2.1.jar:/home/TomDu/.m2/repository/commons-codec/commons-codec/1.15/commons-codec-1.15.jar:/home/TomDu/.m2/repository/com/fasterxml/jackson/core/jackson-core/2.14.3/jackson-core-2.14.3.jar:/home/TomDu/.m2/repository/org/apache/httpcomponents/httpasyncclient/4.1.5/httpasyncclient-4.1.5.jar:/home/TomDu/.m2/repository/org/apache/httpcomponents/httpcore/4.4.16/httpcore-4.4.16.jar:/home/TomDu/.m2/repository/org/apache/httpcomponents/httpcore-nio/4.4.16/httpcore-nio-4.4.16.jar:/home/TomDu/.m2/repository/org/apache/httpcomponents/httpclient/4.5.14/httpclient-4.5.14.jar:/home/TomDu/.m2/repository/io/prometheus/simpleclient/0.16.0/simpleclient-0.16.0.jar:/home/TomDu/.m2/repository/io/prometheus/simpleclient_tracer_otel/0.16.0/simpleclient_tracer_otel-0.16.0.jar:/home/TomDu/.m2/repository/io/prometheus/simpleclient_tracer_common/0.16.0/simpleclient_tracer_common-0.16.0.jar:/home/TomDu/.m2/repository/io/prometheus/simpleclient_tracer_otel_agent/0.16.0/simpleclient_tracer_otel_agent-0.16.0.jar:/home/TomDu/.m2/repository/com/alibaba/spring/spring-context-support/1.0.11/spring-context-support-1.0.11.jar:/home/TomDu/.m2/repository/org/springframework/cloud/spring-cloud-commons/4.0.0/spring-cloud-commons-4.0.0.jar:/home/TomDu/.m2/repository/org/springframework/security/spring-security-crypto/6.0.8/spring-security-crypto-6.0.8.jar:/home/TomDu/.m2/repository/org/springframework/cloud/spring-cloud-context/4.0.0/spring-cloud-context-4.0.0.jar:/home/TomDu/.m2/repository/com/alibaba/cloud/spring-cloud-starter-alibaba-nacos-config/2022.0.0.0/spring-cloud-starter-alibaba-nacos-config-2022.0.0.0.jar:/home/TomDu/.m2/repository/org/slf4j/slf4j-api/2.0.9/slf4j-api-2.0.9.jar:/home/TomDu/.m2/repository/jakarta/annotation/jakarta.annotation-api/2.1.1/jakarta.annotation-api-2.1.1.jar:/home/TomDu/.m2/repository/junit/junit/4.11/junit-4.11.jar:/home/TomDu/.m2/repository/org/hamcrest/hamcrest-core/2.2/hamcrest-core-2.2.jar:/home/TomDu/.m2/repository/org/hamcrest/hamcrest/2.2/hamcrest-2.2.jar:"/>
    <property name="sun.cpu.endian" value="little"/>
    <property name="user.home" value="/home/TomDu"/>
    <property name="user.language" value="en"/>
    <property name="java.specification.vendor" value="Oracle Corporation"/>
    <property name="java.version.date" value="2023-08-24"/>
    <property name="java.home" value="/usr/lib/jvm/java-17-openjdk-amd64"/>
    <property name="file.separator" value="/"/>
    <property name="basedir" value="/home/TomDu/backend/project/my-app/service"/>
    <property name="java.vm.compressedOopsMode" value="Zero based"/>
    <property name="line.separator" value="&#10;"/>
    <property name="java.vm.specification.vendor" value="Oracle Corporation"/>
    <property name="java.specification.name" value="Java Platform API Specification"/>
    <property name="surefire.real.class.path" value="/home/TomDu/backend/project/my-app/service/target/surefire/surefirebooter9848538839841052314.jar"/>
    <property name="sun.management.compiler" value="HotSpot 64-Bit Tiered Compilers"/>
    <property name="java.runtime.version" value="17.0.8.1+1-Ubuntu-0ubuntu120.04"/>
    <property name="user.name" value="TomDu"/>
    <property name="path.separator" value=":"/>
    <property name="os.version" value="5.15.0-67-generic"/>
    <property name="java.runtime.name" value="OpenJDK Runtime Environment"/>
    <property name="file.encoding" value="UTF-8"/>
    <property name="java.vm.name" value="OpenJDK 64-Bit Server VM"/>
    <property name="localRepository" value="/home/TomDu/.m2/repository"/>
    <property name="java.vendor.url.bug" value="Unknown"/>
    <property name="java.io.tmpdir" value="/tmp"/>
    <property name="java.version" value="17.0.8.1"/>
    <property name="user.dir" value="/home/TomDu/backend/project/my-app/service"/>
    <property name="os.arch" value="amd64"/>
    <property name="java.vm.specification.name" value="Java Virtual Machine Specification"/>
    <property name="native.encoding" value="UTF-8"/>
    <property name="java.library.path" value="/usr/java/packages/lib:/usr/lib/x86_64-linux-gnu/jni:/lib/x86_64-linux-gnu:/usr/lib/x86_64-linux-gnu:/usr/lib/jni:/lib:/usr/lib"/>
    <property name="java.vm.info" value="mixed mode, sharing"/>
    <property name="java.vendor" value="Private Build"/>
    <property name="java.vm.version" value="17.0.8.1+1-Ubuntu-0ubuntu120.04"/>
    <property name="sun.io.unicode.encoding" value="UnicodeLittle"/>
    <property name="java.class.version" value="61.0"/>
  </properties>
  <testcase name="shouldAnswerWithTrue" classname="com.mycompany.app.AppTest" time="0.001"/>
</testsuite>